mode: set
2019_2_Next_Level/internal/post/MailSender/daemon.go:17.76,23.2 4 1
2019_2_Next_Level/internal/post/MailSender/daemon.go:26.52,30.2 2 1
2019_2_Next_Level/internal/post/MailSender/daemon.go:33.37,35.36 2 1
2019_2_Next_Level/internal/post/MailSender/daemon.go:35.36,39.3 3 1
2019_2_Next_Level/internal/post/smtpd/daemon.go:31.75,33.20 1 1
2019_2_Next_Level/internal/post/smtpd/daemon.go:42.2,51.12 7 1
2019_2_Next_Level/internal/post/smtpd/daemon.go:33.20,34.52 1 1
2019_2_Next_Level/internal/post/smtpd/daemon.go:34.52,36.4 1 1
2019_2_Next_Level/internal/post/smtpd/daemon.go:36.9,38.4 1 1
2019_2_Next_Level/internal/post/smtpd/daemon.go:39.8,41.3 1 0
2019_2_Next_Level/internal/post/smtpd/daemon.go:54.73,58.2 3 0
2019_2_Next_Level/internal/post/smtpd/daemon.go:61.48,67.9 5 1
2019_2_Next_Level/internal/post/smtpd/daemon.go:68.20,69.9 1 1
2019_2_Next_Level/internal/post/smtpd/daemon.go:73.34,74.54 1 1
2019_2_Next_Level/internal/post/smtpd/daemon.go:74.54,76.3 1 1
2019_2_Next_Level/internal/post/smtpd/daemon.go:79.40,80.36 1 1
2019_2_Next_Level/internal/post/smtpd/daemon.go:80.36,81.24 1 1
2019_2_Next_Level/internal/post/smtpd/daemon.go:85.3,87.39 3 1
2019_2_Next_Level/internal/post/smtpd/daemon.go:81.24,83.12 2 0
2019_2_Next_Level/internal/post/smtpd/daemon.go:92.25,93.41 1 1
2019_2_Next_Level/internal/post/smtpd/daemon.go:93.41,98.17 4 1
2019_2_Next_Level/internal/post/smtpd/daemon.go:101.3,101.28 1 1
2019_2_Next_Level/internal/post/smtpd/daemon.go:98.17,100.4 1 1
2019_2_Next_Level/internal/post/smtpd/daemon.go:105.40,178.2 0 0
2019_2_Next_Level/internal/post/smtpd/incoming.go:12.54,21.2 8 0
2019_2_Next_Level/internal/post/smtpd/outcoming.go:14.89,16.2 1 1
2019_2_Next_Level/internal/post/smtpd/outcoming.go:18.72,22.2 3 1
2019_2_Next_Level/pkg/sqlTools/cleanup.go:5.48,6.12 1 1
2019_2_Next_Level/pkg/sqlTools/cleanup.go:7.18,8.44 1 1
2019_2_Next_Level/pkg/sqlTools/cleanup.go:9.10,10.12 1 0
2019_2_Next_Level/pkg/sqlTools/genQuery.go:9.96,13.34 3 1
2019_2_Next_Level/pkg/sqlTools/genQuery.go:21.2,23.34 3 1
2019_2_Next_Level/pkg/sqlTools/genQuery.go:26.2,27.22 2 1
2019_2_Next_Level/pkg/sqlTools/genQuery.go:31.2,32.21 2 1
2019_2_Next_Level/pkg/sqlTools/genQuery.go:13.34,14.35 1 1
2019_2_Next_Level/pkg/sqlTools/genQuery.go:17.3,18.20 2 1
2019_2_Next_Level/pkg/sqlTools/genQuery.go:14.35,16.4 1 1
2019_2_Next_Level/pkg/sqlTools/genQuery.go:23.34,25.3 1 1
2019_2_Next_Level/pkg/sqlTools/genQuery.go:27.22,30.3 2 1
2019_2_Next_Level/pkg/sqlTools/transactions.go:6.55,8.16 2 1
2019_2_Next_Level/pkg/sqlTools/transactions.go:12.2,13.16 2 1
2019_2_Next_Level/pkg/sqlTools/transactions.go:18.2,18.12 1 1
2019_2_Next_Level/pkg/sqlTools/transactions.go:8.16,11.3 2 0
2019_2_Next_Level/pkg/sqlTools/transactions.go:13.16,15.3 1 1
2019_2_Next_Level/pkg/sqlTools/transactions.go:15.8,17.3 1 1
2019_2_Next_Level/internal/MailPicker/repository/postgres.go:17.50,20.16 3 1
2019_2_Next_Level/internal/MailPicker/repository/postgres.go:24.2,24.14 1 1
2019_2_Next_Level/internal/MailPicker/repository/postgres.go:20.16,23.3 2 0
2019_2_Next_Level/internal/MailPicker/repository/postgres.go:27.43,38.16 11 1
2019_2_Next_Level/internal/MailPicker/repository/postgres.go:42.2,43.16 2 1
2019_2_Next_Level/internal/MailPicker/repository/postgres.go:46.2,46.12 1 1
2019_2_Next_Level/internal/MailPicker/repository/postgres.go:38.16,40.3 1 0
2019_2_Next_Level/internal/MailPicker/repository/postgres.go:43.16,45.3 1 0
2019_2_Next_Level/internal/MailPicker/repository/postgres.go:50.60,53.16 3 1
2019_2_Next_Level/internal/MailPicker/repository/postgres.go:56.2,58.16 3 1
2019_2_Next_Level/internal/MailPicker/repository/postgres.go:61.2,61.16 1 1
2019_2_Next_Level/internal/MailPicker/repository/postgres.go:53.16,55.3 1 0
2019_2_Next_Level/internal/MailPicker/repository/postgres.go:58.16,60.3 1 0
2019_2_Next_Level/internal/MailPicker/repository/postgres.go:65.65,66.23 1 1
2019_2_Next_Level/internal/MailPicker/repository/postgres.go:93.2,93.45 1 1
2019_2_Next_Level/internal/MailPicker/repository/postgres.go:66.23,68.17 2 1
2019_2_Next_Level/internal/MailPicker/repository/postgres.go:72.3,75.17 4 1
2019_2_Next_Level/internal/MailPicker/repository/postgres.go:79.3,81.40 3 1
2019_2_Next_Level/internal/MailPicker/repository/postgres.go:85.3,86.17 2 1
2019_2_Next_Level/internal/MailPicker/repository/postgres.go:89.3,90.13 2 1
2019_2_Next_Level/internal/MailPicker/repository/postgres.go:68.17,70.4 1 1
2019_2_Next_Level/internal/MailPicker/repository/postgres.go:75.17,77.4 1 1
2019_2_Next_Level/internal/MailPicker/repository/postgres.go:81.40,83.4 1 1
2019_2_Next_Level/internal/MailPicker/repository/postgres.go:86.17,88.4 1 1
2019_2_Next_Level/internal/serverapi/server/middleware/access_log.go:12.47,13.46 1 0
2019_2_Next_Level/internal/serverapi/server/middleware/access_log.go:13.46,14.72 1 0
2019_2_Next_Level/internal/serverapi/server/middleware/access_log.go:14.72,24.4 3 0
2019_2_Next_Level/internal/serverapi/server/middleware/auth.go:13.75,14.46 1 1
2019_2_Next_Level/internal/serverapi/server/middleware/auth.go:14.46,15.72 1 1
2019_2_Next_Level/internal/serverapi/server/middleware/auth.go:15.72,17.18 2 1
2019_2_Next_Level/internal/serverapi/server/middleware/auth.go:21.4,22.18 2 1
2019_2_Next_Level/internal/serverapi/server/middleware/auth.go:27.4,28.24 2 1
2019_2_Next_Level/internal/serverapi/server/middleware/auth.go:17.18,20.5 2 0
2019_2_Next_Level/internal/serverapi/server/middleware/auth.go:22.18,26.5 3 0
2019_2_Next_Level/internal/serverapi/server/middleware/cors.go:12.48,13.46 1 1
2019_2_Next_Level/internal/serverapi/server/middleware/cors.go:13.46,14.72 1 1
2019_2_Next_Level/internal/serverapi/server/middleware/cors.go:14.72,20.49 6 1
2019_2_Next_Level/internal/serverapi/server/middleware/cors.go:25.4,30.24 5 1
2019_2_Next_Level/internal/serverapi/server/middleware/cors.go:20.49,24.5 3 0
2019_2_Next_Level/internal/serverapi/server/middleware/static.go:7.62,8.46 1 1
2019_2_Next_Level/internal/serverapi/server/middleware/static.go:8.46,9.72 1 1
2019_2_Next_Level/internal/serverapi/server/middleware/static.go:9.72,11.31 2 1
2019_2_Next_Level/internal/serverapi/server/middleware/static.go:14.4,15.24 2 1
2019_2_Next_Level/internal/serverapi/server/middleware/static.go:11.31,13.5 1 0
2019_2_Next_Level/internal/serverapi/server/User/repository/repository.go:20.48,22.17 2 1
2019_2_Next_Level/internal/serverapi/server/User/repository/repository.go:28.2,28.15 1 1
2019_2_Next_Level/internal/serverapi/server/User/repository/repository.go:22.17,24.17 2 1
2019_2_Next_Level/internal/serverapi/server/User/repository/repository.go:24.17,26.4 1 0
2019_2_Next_Level/internal/serverapi/server/User/repository/repository.go:31.43,43.16 11 1
2019_2_Next_Level/internal/serverapi/server/User/repository/repository.go:49.2,50.16 2 1
2019_2_Next_Level/internal/serverapi/server/User/repository/repository.go:53.2,54.12 2 1
2019_2_Next_Level/internal/serverapi/server/User/repository/repository.go:43.16,45.3 1 0
2019_2_Next_Level/internal/serverapi/server/User/repository/repository.go:50.16,52.3 1 0
2019_2_Next_Level/internal/serverapi/server/User/repository/repository.go:57.72,61.16 4 1
2019_2_Next_Level/internal/serverapi/server/User/repository/repository.go:64.2,66.16 3 1
2019_2_Next_Level/internal/serverapi/server/User/repository/repository.go:69.2,70.18 2 1
2019_2_Next_Level/internal/serverapi/server/User/repository/repository.go:61.16,63.3 1 0
2019_2_Next_Level/internal/serverapi/server/User/repository/repository.go:66.16,68.3 1 1
2019_2_Next_Level/internal/serverapi/server/User/repository/repository.go:72.69,75.17 3 0
2019_2_Next_Level/internal/serverapi/server/User/repository/repository.go:78.2,79.16 2 0
2019_2_Next_Level/internal/serverapi/server/User/repository/repository.go:82.2,82.12 1 0
2019_2_Next_Level/internal/serverapi/server/User/repository/repository.go:75.17,77.3 1 0
2019_2_Next_Level/internal/serverapi/server/User/repository/repository.go:79.16,81.3 1 0
2019_2_Next_Level/internal/serverapi/server/User/repository/repository.go:84.103,88.2 3 0
2019_2_Next_Level/internal/serverapi/server/User/repository/repository.go:90.87,96.16 5 1
2019_2_Next_Level/internal/serverapi/server/User/repository/repository.go:99.2,99.25 1 1
2019_2_Next_Level/internal/serverapi/server/User/repository/repository.go:96.16,98.3 1 1
2019_2_Next_Level/internal/serverapi/server/MailBox/usecase/usecase.go:20.69,26.2 5 0
2019_2_Next_Level/internal/serverapi/server/MailBox/usecase/usecase.go:28.64,38.2 5 0
2019_2_Next_Level/internal/serverapi/server/MailBox/usecase/usecase.go:40.124,42.16 2 0
2019_2_Next_Level/internal/serverapi/server/MailBox/usecase/usecase.go:45.2,45.22 1 0
2019_2_Next_Level/internal/serverapi/server/MailBox/usecase/usecase.go:50.2,50.18 1 0
2019_2_Next_Level/internal/serverapi/server/MailBox/usecase/usecase.go:42.16,44.3 1 0
2019_2_Next_Level/internal/serverapi/server/MailBox/usecase/usecase.go:45.22,49.3 3 0
2019_2_Next_Level/internal/serverapi/server/MailBox/usecase/usecase.go:52.84,54.2 1 0
